<?xml version="1.0" encoding="UTF-8"?>
<testng-results skipped="0" failed="0" ignored="0" total="1" passed="1">
  <reporter-output>
  </reporter-output>
  <suite name="Default suite" duration-ms="15146" started-at="2020-07-24T13:06:23 IST" finished-at="2020-07-24T13:06:38 IST">
    <groups>
    </groups>
    <test name="Default test" duration-ms="15146" started-at="2020-07-24T13:06:23 IST" finished-at="2020-07-24T13:06:38 IST">
      <class name="phplogin.PageObjectWithoutAnnotation">
        <test-method status="PASS" signature="login()[pri:0, instance:phplogin.PageObjectWithoutAnnotation@210366b4]" name="login" duration-ms="15089" started-at="2020-07-24T13:06:23 IST" finished-at="2020-07-24T13:06:38 IST">
          <reporter-output>
          </reporter-output>
        </test-method> <!-- login -->
      </class> <!-- phplogin.PageObjectWithoutAnnotation -->
    </test> <!-- Default test -->
  </suite> <!-- Default suite -->
</testng-results>
